0 info it worked if it ends with ok
1 verbose cli [ '/usr/local/bin/node',
1 verbose cli   '/usr/local/bin/npm',
1 verbose cli   'install',
1 verbose cli   'grunt-livesript',
1 verbose cli   '--save-dev' ]
2 info using npm@1.4.28
3 info using node@v0.10.33
4 warn package.json hw5@0.0.0 No description
5 warn package.json hw5@0.0.0 No repository field.
6 warn package.json hw5@0.0.0 No README data
7 verbose readDependencies using package.json deps
8 verbose cache add [ 'grunt-livesript', null ]
9 verbose cache add name=undefined spec="grunt-livesript" args=["grunt-livesript",null]
10 verbose parsed url { protocol: null,
10 verbose parsed url   slashes: null,
10 verbose parsed url   auth: null,
10 verbose parsed url   host: null,
10 verbose parsed url   port: null,
10 verbose parsed url   hostname: null,
10 verbose parsed url   hash: null,
10 verbose parsed url   search: null,
10 verbose parsed url   query: null,
10 verbose parsed url   pathname: 'grunt-livesript',
10 verbose parsed url   path: 'grunt-livesript',
10 verbose parsed url   href: 'grunt-livesript' }
11 silly lockFile 9371e6de-grunt-livesript grunt-livesript
12 verbose lock grunt-livesript /home/william/.npm/9371e6de-grunt-livesript.lock
13 silly lockFile 9371e6de-grunt-livesript grunt-livesript
14 silly lockFile 9371e6de-grunt-livesript grunt-livesript
15 verbose addNamed [ 'grunt-livesript', '' ]
16 verbose addNamed [ null, '*' ]
17 silly lockFile aba730cb-grunt-livesript grunt-livesript@
18 verbose lock grunt-livesript@ /home/william/.npm/aba730cb-grunt-livesript.lock
19 silly addNameRange { name: 'grunt-livesript', range: '*', hasData: false }
20 verbose request where is /grunt-livesript
21 verbose request registry https://registry.npmjs.org/
22 verbose request id 78d0243e5c6e92a1
23 verbose url raw /grunt-livesript
24 verbose url resolving [ 'https://registry.npmjs.org/', './grunt-livesript' ]
25 verbose url resolved https://registry.npmjs.org/grunt-livesript
26 verbose request where is https://registry.npmjs.org/grunt-livesript
27 info trying registry request attempt 1 at 00:26:35
28 http GET https://registry.npmjs.org/grunt-livesript
29 http 404 https://registry.npmjs.org/grunt-livesript
30 verbose headers { date: 'Thu, 02 Apr 2015 16:26:36 GMT',
30 verbose headers   server: 'CouchDB/1.5.0 (Erlang OTP/R16B03)',
30 verbose headers   'content-type': 'application/json',
30 verbose headers   'cache-control': 'max-age=0',
30 verbose headers   'content-length': '51',
30 verbose headers   'accept-ranges': 'bytes',
30 verbose headers   via: '1.1 varnish',
30 verbose headers   age: '0',
30 verbose headers   'x-served-by': 'cache-nrt6124-NRT',
30 verbose headers   'x-cache': 'MISS',
30 verbose headers   'x-cache-hits': '0',
30 verbose headers   'x-timer': 'S1427991995.664014,VS0,VE756',
30 verbose headers   'keep-alive': 'timeout=10, max=50',
30 verbose headers   connection: 'Keep-Alive' }
31 silly registry.get cb [ 404,
31 silly registry.get   { date: 'Thu, 02 Apr 2015 16:26:36 GMT',
31 silly registry.get     server: 'CouchDB/1.5.0 (Erlang OTP/R16B03)',
31 silly registry.get     'content-type': 'application/json',
31 silly registry.get     'cache-control': 'max-age=0',
31 silly registry.get     'content-length': '51',
31 silly registry.get     'accept-ranges': 'bytes',
31 silly registry.get     via: '1.1 varnish',
31 silly registry.get     age: '0',
31 silly registry.get     'x-served-by': 'cache-nrt6124-NRT',
31 silly registry.get     'x-cache': 'MISS',
31 silly registry.get     'x-cache-hits': '0',
31 silly registry.get     'x-timer': 'S1427991995.664014,VS0,VE756',
31 silly registry.get     'keep-alive': 'timeout=10, max=50',
31 silly registry.get     connection: 'Keep-Alive' } ]
32 silly lockFile aba730cb-grunt-livesript grunt-livesript@
33 silly lockFile aba730cb-grunt-livesript grunt-livesript@
34 error 404 404 Not Found: grunt-livesript
34 error 404
34 error 404 'grunt-livesript' is not in the npm registry.
34 error 404 You should bug the author to publish it
34 error 404 It was specified as a dependency of 'hw5'
34 error 404
34 error 404 Note that you can also install from a
34 error 404 tarball, folder, or http url, or git url.
35 error System Linux 3.13.0-32-generic
36 error command "/usr/local/bin/node" "/usr/local/bin/npm" "install" "grunt-livesript" "--save-dev"
37 error cwd /home/william/Software-Improvement/hw5
38 error node -v v0.10.33
39 error npm -v 1.4.28
40 error code E404
41 verbose exit [ 1, true ]
